#
# A fatal error has been detected by the Java Runtime Environment:
#
#  EXCEPTION_ACCESS_VIOLATION (0xc0000005) at pc=0x0000000000000000, pid=116, tid=2828
#
# JRE version: OpenJDK Runtime Environment Corretto-19.0.2.7.1 (19.0.2+7) (build 19.0.2+7-FR)
# Java VM: OpenJDK 64-Bit Server VM Corretto-19.0.2.7.1 (19.0.2+7-FR, mixed mode, sharing, tiered, compressed oops, compressed class ptrs, g1 gc, windows-amd64)
# Problematic frame:
# C  0x0000000000000000
#
# No core dump will be written. Minidumps are not enabled by default on client versions of Windows
#
# If you would like to submit a bug report, please visit:
#   https://github.com/corretto/corretto-19/issues/
# The crash happened outside the Java Virtual Machine in native code.
# See problematic frame for where to report the bug.
#

---------------  S U M M A R Y ------------

Command Line: -agentlib:jdwp=transport=dt_socket,server=n,suspend=y,address=127.0.0.1:53464 -Dfile.encoding=UTF-8 -Duser.country=ES -Duser.language=es -Duser.variant fdg.game.Assets

Host: 12th Gen Intel(R) Core(TM) i7-12700KF, 20 cores, 31G,  Windows 11 , 64 bit Build 22621 (10.0.22621.3958)
Time: Sat Aug  3 12:32:36 2024 Hora de verano romance elapsed time: 5.286603 seconds (0d 0h 0m 5s)

---------------  T H R E A D  ---------------

Current thread (0x00000233a8064b00):  JavaThread "main" [_thread_in_native, id=2828, stack(0x000000899a000000,0x000000899a100000)]

Stack: [0x000000899a000000,0x000000899a100000],  sp=0x000000899a0fedb8,  free space=1019k
Native frames: (J=compiled Java code, j=interpreted, Vv=VM code, C=native code)

Java frames: (J=compiled Java code, j=interpreted, Vv=VM code)
j  com.jme3.system.lwjgl.LwjglContext.initContextFirstTime()V+82
j  com.jme3.system.lwjgl.LwjglContext.internalCreate()V+33
j  com.jme3.system.lwjgl.LwjglWindow.initInThread()Z+50
j  com.jme3.system.lwjgl.LwjglWindow.run()V+32
j  com.jme3.system.lwjgl.LwjglWindow.create(Z)V+27
j  com.jme3.app.LegacyApplication.start(Lcom/jme3/system/JmeContext$Type;Z)V+92
j  com.jme3.app.LegacyApplication.start()V+5
j  com.jme3.app.SimpleApplication.start()V+51
j  fdg.game.Assets.main([Ljava/lang/String;)V+9
v  ~StubRoutines::call_stub 0x00000233b769100e

siginfo: EXCEPTION_ACCESS_VIOLATION (0xc0000005), data execution prevention violation at address 0x0000000000000000


Registers:
RAX=0x00000233e2b10000, RBX=0x00000233a5ca1500, RCX=0x00000233a8064de0, RDX=0x00000233a5ca1500
RSP=0x000000899a0fedb8, RBP=0x00000233d6067fc0, RSI=0x000000899a0fee60, RDI=0x00000233a8064de0
R8 =0x0000000000010002, R9 =0x0000000000000000, R10=0x0000000000000000, R11=0x000000899a0fed88
R12=0x0000000000000007, R13=0x00000233a80503e0, R14=0x00007ffde265f200, R15=0x0000000000000000
RIP=0x0000000000000000, EFLAGS=0x0000000000010202


Register to memory mapping:

RIP=0x0 is NULL
RAX=0x00000233e2b10000 points into unknown readable memory: 0x0000000000000000 | 00 00 00 00 00 00 00 00
RBX=0x00000233a5ca1500 points into unknown readable memory: 0x0000000602e0bcb8 | b8 bc e0 02 06 00 00 00
RCX=0x00000233a8064de0 points into unknown readable memory: 0x00000233e2b10000 | 00 00 b1 e2 33 02 00 00
RDX=0x00000233a5ca1500 points into unknown readable memory: 0x0000000602e0bcb8 | b8 bc e0 02 06 00 00 00
RSP=0x000000899a0fedb8 is pointing into the stack for thread: 0x00000233a8064b00
RBP=0x00000233d6067fc0 points into unknown readable memory: 0x00000233d2d2fe80 | 80 fe d2 d2 33 02 00 00
RSI=0x000000899a0fee60 is pointing into the stack for thread: 0x00000233a8064b00
RDI=0x00000233a8064de0 points into unknown readable memory: 0x00000233e2b10000 | 00 00 b1 e2 33 02 00 00
R8 =0x0000000000010002 is an unknown value
R9 =0x0 is NULL
R10=0x0 is NULL
R11=0x000000899a0fed88 is pointing into the stack for thread: 0x00000233a8064b00
R12=0x0000000000000007 is an unknown value
R13=0x00000233a80503e0 points into unknown readable memory: 0x00007ffd8c6ae340 | 40 e3 6a 8c fd 7f 00 00
R14=0x00007ffde265f200 jdwp.dll
R15=0x0 is NULL


Top of Stack: (sp=0x000000899a0fedb8)
0x000000899a0fedb8:   00007ffde2645c05 00000233a5ca1500
0x000000899a0fedc8:   000000899a0fee60 0000000000000000
0x000000899a0fedd8:   0000000000000000 00007ffd8c6a1b70
0x000000899a0fede8:   0000000000000b0c 00000233a5ca1500
0x000000899a0fedf8:   00007ffde265f270 0000000000000000
0x000000899a0fee08:   00007ffde264275f 00000233a5ca1500
0x000000899a0fee18:   00000233d6067fc0 00000233a8064de0
0x000000899a0fee28:   00000233a5ca1508 00000233e2f1e590
0x000000899a0fee38:   0000000000000000 0000000800476ac0
0x000000899a0fee48:   00007ffd8bee5ca2 00000233a8065428
0x000000899a0fee58:   00000233a8065050 0000000000000007
0x000000899a0fee68:   00000233a5ca1500 0000000000000000
0x000000899a0fee78:   00000233a5ca1508 0000000000000000
0x000000899a0fee88:   0000000000000000 0000000000000000
0x000000899a0fee98:   0000000000000000 0000000000000000
0x000000899a0feea8:   0000000000000000 0000000000000000 

Instructions: (pc=0x0000000000000000)
0xffffffffffffff00:   


Stack slot to memory mapping:
stack at sp + 0 slots: 0x00007ffde2645c05 jdwp.dll
stack at sp + 1 slots: 0x00000233a5ca1500 points into unknown readable memory: 0x0000000602e0bcb8 | b8 bc e0 02 06 00 00 00
stack at sp + 2 slots: 0x000000899a0fee60 is pointing into the stack for thread: 0x00000233a8064b00
stack at sp + 3 slots: 0x0 is NULL
stack at sp + 4 slots: 0x0 is NULL
stack at sp + 5 slots: 0x00007ffd8c6a1b70 jvm.dll
stack at sp + 6 slots: 0x0000000000000b0c is an unknown value
stack at sp + 7 slots: 0x00000233a5ca1500 points into unknown readable memory: 0x0000000602e0bcb8 | b8 bc e0 02 06 00 00 00


---------------  P R O C E S S  ---------------

Threads class SMR info:
_java_thread_list=0x00000233daaf3850, length=28, elements={
0x00000233a8064b00, 0x00000233d5ee1e10, 0x00000233d5ee2c00, 0x00000233d5ee5d60,
0x00000233d5eeb920, 0x00000233d5eec250, 0x00000233d5eecb80, 0x00000233d5ef9810,
0x00000233d5f006a0, 0x00000233d5f03020, 0x00000233d5fb34f0, 0x00000233d6087d50,
0x00000233d6088ce0, 0x00000233d60a9840, 0x00000233d60abce0, 0x00000233d60c39c0,
0x00000233da65e9a0, 0x00000233da6717f0, 0x00000233da67f5b0, 0x00000233da693e50,
0x00000233e2e16850, 0x00000233e31bb8e0, 0x00000233e306ac80, 0x00000233e3d30f40,
0x00000233e3d2ede0, 0x00000233e3d314d0, 0x00000233e3d2f370, 0x00000233e3d2fe90
}

Java Threads: ( => current thread )
=>0x00000233a8064b00 JavaThread "main" [_thread_in_native, id=2828, stack(0x000000899a000000,0x000000899a100000)]
  0x00000233d5ee1e10 JavaThread "Reference Handler" daemon [_thread_blocked, id=13876, stack(0x000000899a700000,0x000000899a800000)]
  0x00000233d5ee2c00 JavaThread "Finalizer" daemon [_thread_blocked, id=6916, stack(0x000000899a800000,0x000000899a900000)]
  0x00000233d5ee5d60 JavaThread "Signal Dispatcher" daemon [_thread_blocked, id=4160, stack(0x000000899a900000,0x000000899aa00000)]
  0x00000233d5eeb920 JavaThread "Attach Listener" daemon [_thread_blocked, id=12880, stack(0x000000899aa00000,0x000000899ab00000)]
  0x00000233d5eec250 JavaThread "Service Thread" daemon [_thread_blocked, id=12692, stack(0x000000899ab00000,0x000000899ac00000)]
  0x00000233d5eecb80 JavaThread "Monitor Deflation Thread" daemon [_thread_blocked, id=2264, stack(0x000000899ac00000,0x000000899ad00000)]
  0x00000233d5ef9810 JavaThread "C2 CompilerThread0" daemon [_thread_blocked, id=6524, stack(0x000000899ad00000,0x000000899ae00000)]
  0x00000233d5f006a0 JavaThread "C1 CompilerThread0" daemon [_thread_blocked, id=12048, stack(0x000000899ae00000,0x000000899af00000)]
  0x00000233d5f03020 JavaThread "Sweeper thread" daemon [_thread_blocked, id=9348, stack(0x000000899af00000,0x000000899b000000)]
  0x00000233d5fb34f0 JavaThread "C1 CompilerThread1" daemon [_thread_blocked, id=11008, stack(0x000000899b000000,0x000000899b100000)]
  0x00000233d6087d50 JavaThread "JDWP Transport Listener: dt_socket" daemon [_thread_blocked, id=15188, stack(0x000000899b100000,0x000000899b200000)]
  0x00000233d6088ce0 JavaThread "JDWP Event Helper Thread" daemon [_thread_blocked, id=16560, stack(0x000000899b200000,0x000000899b300000)]
  0x00000233d60a9840 JavaThread "JDWP Command Reader" daemon [_thread_in_native, id=14500, stack(0x000000899b300000,0x000000899b400000)]
  0x00000233d60abce0 JavaThread "Notification Thread" daemon [_thread_blocked, id=16600, stack(0x000000899b400000,0x000000899b500000)]
  0x00000233d60c39c0 JavaThread "Common-Cleaner" daemon [_thread_blocked, id=4136, stack(0x000000899b600000,0x000000899b700000)]
  0x00000233da65e9a0 JavaThread "Java2D Disposer" daemon [_thread_blocked, id=15972, stack(0x000000899b700000,0x000000899b800000)]
  0x00000233da6717f0 JavaThread "AWT-Shutdown" [_thread_blocked, id=16584, stack(0x000000899b800000,0x000000899b900000)]
  0x00000233da67f5b0 JavaThread "AWT-Windows" daemon [_thread_in_native, id=13112, stack(0x000000899b900000,0x000000899ba00000)]
  0x00000233da693e50 JavaThread "AWT-EventQueue-0" [_thread_blocked, id=13172, stack(0x000000899ba00000,0x000000899bb00000)]
  0x00000233e2e16850 JavaThread "Image Fetcher 0" daemon [_thread_blocked, id=15888, stack(0x000000899bd40000,0x000000899be40000)]
  0x00000233e31bb8e0 JavaThread "D3D Screen Updater" daemon [_thread_blocked, id=7284, stack(0x000000899bf40000,0x000000899c040000)]
  0x00000233e306ac80 JavaThread "TimerQueue" daemon [_thread_blocked, id=15928, stack(0x000000899c040000,0x000000899c140000)]
  0x00000233e3d30f40 JavaThread "C1 CompilerThread2" daemon [_thread_blocked, id=8576, stack(0x000000899d4f0000,0x000000899d5f0000)]
  0x00000233e3d2ede0 JavaThread "C1 CompilerThread3" daemon [_thread_blocked, id=7476, stack(0x000000899d5f0000,0x000000899d6f0000)]
  0x00000233e3d314d0 JavaThread "C2 CompilerThread1" daemon [_thread_blocked, id=17092, stack(0x000000899d6f0000,0x000000899d7f0000)]
  0x00000233e3d2f370 JavaThread "C2 CompilerThread2" daemon [_thread_blocked, id=17924, stack(0x000000899d7f0000,0x000000899d8f0000)]
  0x00000233e3d2fe90 JavaThread "C2 CompilerThread3" daemon [_thread_blocked, id=9628, stack(0x000000899d8f0000,0x000000899d9f0000)]

Other Threads:
  0x00000233d5eca140 VMThread "VM Thread" [stack: 0x000000899a600000,0x000000899a700000] [id=2320]
  0x00000233d60ac630 WatcherThread "VM Periodic Task Thread" [stack: 0x000000899b500000,0x000000899b600000] [id=3524]
  0x00000233a8117290 WorkerThread "GC Thread#0" [stack: 0x000000899a100000,0x000000899a200000] [id=1360]
  0x00000233d5ec9ba0 WorkerThread "GC Thread#1" [stack: 0x000000899be40000,0x000000899bf40000] [id=16604]
  0x00000233d5ecac80 WorkerThread "GC Thread#2" [stack: 0x000000899c1f0000,0x000000899c2f0000] [id=6492]
  0x00000233d5ec9e70 WorkerThread "GC Thread#3" [stack: 0x000000899c2f0000,0x000000899c3f0000] [id=15236]
  0x00000233e33b3b00 WorkerThread "GC Thread#4" [stack: 0x000000899c3f0000,0x000000899c4f0000] [id=16824]
  0x00000233e33b5180 WorkerThread "GC Thread#5" [stack: 0x000000899c4f0000,0x000000899c5f0000] [id=6072]
  0x00000233e33b3830 WorkerThread "GC Thread#6" [stack: 0x000000899c5f0000,0x000000899c6f0000] [id=15700]
  0x00000233e33b2fc0 WorkerThread "GC Thread#7" [stack: 0x000000899c6f0000,0x000000899c7f0000] [id=14760]
  0x00000233e33b3560 WorkerThread "GC Thread#8" [stack: 0x000000899c7f0000,0x000000899c8f0000] [id=18040]
  0x00000233e33b2480 WorkerThread "GC Thread#9" [stack: 0x000000899c8f0000,0x000000899c9f0000] [id=1724]
  0x00000233e33b21b0 WorkerThread "GC Thread#10" [stack: 0x000000899c9f0000,0x000000899caf0000] [id=2064]
  0x00000233e33b3dd0 WorkerThread "GC Thread#11" [stack: 0x000000899caf0000,0x000000899cbf0000] [id=15416]
  0x00000233e33b40a0 WorkerThread "GC Thread#12" [stack: 0x000000899cbf0000,0x000000899ccf0000] [id=15756]
  0x00000233e33b4eb0 WorkerThread "GC Thread#13" [stack: 0x000000899ccf0000,0x000000899cdf0000] [id=4992]
  0x00000233e33b4910 WorkerThread "GC Thread#14" [stack: 0x000000899cdf0000,0x000000899cef0000] [id=12012]
  0x00000233d2c7c370 ConcurrentGCThread "G1 Main Marker" [stack: 0x000000899a200000,0x000000899a300000] [id=16068]
  0x00000233a811bf30 WorkerThread "G1 Conc#0" [stack: 0x000000899a300000,0x000000899a400000] [id=16276]
  0x00000233d2d30940 ConcurrentGCThread "G1 Refine#0" [stack: 0x000000899a400000,0x000000899a500000] [id=17436]
  0x00000233d2d31480 ConcurrentGCThread "G1 Service" [stack: 0x000000899a500000,0x000000899a600000] [id=17272]

Threads with active compile tasks:

VM state: not at safepoint (normal execution)

VM Mutex/Monitor currently owned by a thread: None

Heap address: 0x0000000602c00000, size: 8148 MB, Compressed Oops mode: Zero based, Oop shift amount: 3

CDS archive(s) mapped at: [0x0000000800000000-0x0000000800c40000-0x0000000800c40000), size 12845056, SharedBaseAddress: 0x0000000800000000, ArchiveRelocationMode: 0.
Compressed class space mapped at: 0x0000000801000000-0x0000000841000000, reserved size: 1073741824
Narrow klass base: 0x0000000800000000, Narrow klass shift: 0, Narrow klass range: 0x100000000

GC Precious Log:
 CardTable entry size: 512
 Card Set container configuration: InlinePtr #cards 4 size 8 Array Of Cards #cards 32 size 80 Howl #buckets 8 coarsen threshold 7372 Howl Bitmap #cards 1024 size 144 coarsen threshold 921 Card regions per heap region 1 cards per card region 8192
 CPUs: 20 total, 20 available
 Memory: 32581M
 Large Page Support: Disabled
 NUMA Support: Disabled
 Compressed Oops: Enabled (Zero based)
 Heap Region Size: 4M
 Heap Min Capacity: 8M
 Heap Initial Capacity: 512M
 Heap Max Capacity: 8148M
 Pre-touch: Disabled
 Parallel Workers: 15
 Concurrent Workers: 4
 Concurrent Refinement Workers: 15
 Periodic GC: Disabled

Heap:
 garbage-first heap   total 28672K, used 5943K [0x0000000602c00000, 0x0000000800000000)
  region size 4096K, 2 young (8192K), 1 survivors (4096K)
 Metaspace       used 16930K, committed 17152K, reserved 1114112K
  class space    used 1548K, committed 1664K, reserved 1048576K

Heap Regions: E=young(eden), S=young(survivor), O=old, HS=humongous(starts), HC=humongous(continues), CS=collection set, F=free, OA=open archive, CA=closed archive, TAMS=top-at-mark-start (previous, next)
|   0|0x0000000602c00000, 0x0000000602f2e650, 0x0000000603000000| 79%| O|  |TAMS 0x0000000602c00000, 0x0000000602c00000| Untracked 
|   1|0x0000000603000000, 0x0000000603168258, 0x0000000603400000| 35%| O|  |TAMS 0x0000000603000000, 0x0000000603000000| Untracked 
|   2|0x0000000603400000, 0x0000000603400000, 0x0000000603800000|  0%| F|  |TAMS 0x0000000603400000, 0x0000000603400000| Untracked 
|   3|0x0000000603800000, 0x0000000603800000, 0x0000000603c00000|  0%| F|  |TAMS 0x0000000603800000, 0x0000000603800000| Untracked 
|   4|0x0000000603c00000, 0x0000000603c00000, 0x0000000604000000|  0%| F|  |TAMS 0x0000000603c00000, 0x0000000603c00000| Untracked 
|   5|0x0000000604000000, 0x00000006041376c8, 0x0000000604400000| 30%| S|CS|TAMS 0x0000000604000000, 0x0000000604000000| Complete 
|   6|0x0000000604400000, 0x00000006047ad628, 0x0000000604800000| 91%| E|  |TAMS 0x0000000604400000, 0x0000000604400000| Complete 

Card table byte_map: [0x00000233c0ce0000,0x00000233c1cd0000] _byte_map_base: 0x00000233bdcca000

Marking Bits (Prev, Next): (CMBitMap*) 0x00000233a81178c0, (CMBitMap*) 0x00000233a8117900
 Prev Bits: [0x00000233c2cc0000, 0x00000233cac10000)
 Next Bits: [0x00000233cac10000, 0x00000233d2b60000)

Polling page: 0x00000233a5f30000

Metaspace:

Usage:
  Non-class:     15.02 MB used.
      Class:      1.51 MB used.
       Both:     16.53 MB used.

Virtual space:
  Non-class space:       64.00 MB reserved,      15.13 MB ( 24%) committed,  1 nodes.
      Class space:        1.00 GB reserved,       1.63 MB ( <1%) committed,  1 nodes.
             Both:        1.06 GB reserved,      16.75 MB (  2%) committed. 

Chunk freelists:
   Non-Class:  3.97 MB
       Class:  2.41 MB
        Both:  6.38 MB

MaxMetaspaceSize: unlimited
CompressedClassSpaceSize: 1.00 GB
Initial GC threshold: 21.00 MB
Current GC threshold: 21.00 MB
CDS: on
MetaspaceReclaimPolicy: balanced
 - commit_granule_bytes: 65536.
 - commit_granule_words: 8192.
 - virtual_space_node_default_size: 8388608.
 - enlarge_chunks_in_place: 1.
 - new_chunks_are_fully_committed: 0.
 - uncommit_free_chunks: 1.
 - use_allocation_guard: 0.


Internal statistics:

num_allocs_failed_limit: 0.
num_arena_births: 196.
num_arena_deaths: 0.
num_vsnodes_births: 2.
num_vsnodes_deaths: 0.
num_space_committed: 266.
num_space_uncommitted: 0.
num_chunks_returned_to_freelist: 0.
num_chunks_taken_from_freelist: 423.
num_chunk_merges: 0.
num_chunk_splits: 302.
num_chunks_enlarged: 225.
num_inconsistent_stats: 0.

CodeHeap 'non-profiled nmethods': size=119168Kb used=675Kb max_used=675Kb free=118492Kb
 bounds [0x00000233b7de0000, 0x00000233b8050000, 0x00000233bf240000]
CodeHeap 'profiled nmethods': size=119104Kb used=4806Kb max_used=4806Kb free=114297Kb
 bounds [0x00000233b0240000, 0x00000233b0700000, 0x00000233b7690000]
CodeHeap 'non-nmethods': size=7488Kb used=3602Kb max_used=3631Kb free=3885Kb
 bounds [0x00000233b7690000, 0x00000233b7a20000, 0x00000233b7de0000]
 total_blobs=3617 nmethods=2374 adapters=1150
 compilation: enabled
              stopped_count=0, restarted_count=0
 full_count=0

Compilation events (20 events):
Event: 5.275 Thread 0x00000233e3d30f40 nmethod 2353 0x00000233b06ebd10 code [0x00000233b06ebf00, 0x00000233b06ec548]
Event: 5.275 Thread 0x00000233d5f006a0 nmethod 2356 0x00000233b06ecc90 code [0x00000233b06ece60, 0x00000233b06ed1c8]
Event: 5.275 Thread 0x00000233e3d2ede0 2358       3       org.lwjgl.system.CheckIntrinsics::checkIndex (6 bytes)
Event: 5.275 Thread 0x00000233e3d30f40 2361       3       java.lang.invoke.DirectMethodHandle::preparedFieldLambdaForm (48 bytes)
Event: 5.275 Thread 0x00000233d5fb34f0 2362       3       java.lang.invoke.DirectMethodHandle::ftypeKind (38 bytes)
Event: 5.275 Thread 0x00000233d5f006a0 2359       3       java.lang.reflect.AccessibleObject::slowVerifyAccess (67 bytes)
Event: 5.275 Thread 0x00000233e3d2ede0 nmethod 2358 0x00000233b06ed390 code [0x00000233b06ed540, 0x00000233b06ed6d8]
Event: 5.275 Thread 0x00000233e3d2ede0 2363       3       java.lang.invoke.MethodHandle::setAsTypeCache (33 bytes)
Event: 5.275 Thread 0x00000233d5fb34f0 nmethod 2362 0x00000233b06ed810 code [0x00000233b06eda00, 0x00000233b06edce8]
Event: 5.275 Thread 0x00000233d5fb34f0 2364       3       java.lang.invoke.MethodHandle::isSafeToCache (14 bytes)
Event: 5.275 Thread 0x00000233d5fb34f0 nmethod 2364 0x00000233b06ede10 code [0x00000233b06edfc0, 0x00000233b06ee138]
Event: 5.275 Thread 0x00000233d5fb34f0 2360   !   3       jdk.internal.reflect.MethodHandleAccessorFactory::newFieldAccessor (240 bytes)
Event: 5.275 Thread 0x00000233e3d30f40 nmethod 2361 0x00000233b06ee210 code [0x00000233b06ee400, 0x00000233b06ee878]
Event: 5.275 Thread 0x00000233e3d2ede0 nmethod 2363 0x00000233b06eea10 code [0x00000233b06eec20, 0x00000233b06ef258]
Event: 5.275 Thread 0x00000233d5f006a0 nmethod 2359 0x00000233b06ef490 code [0x00000233b06ef6a0, 0x00000233b06efe28]
Event: 5.276 Thread 0x00000233d5fb34f0 nmethod 2360 0x00000233b06f0010 code [0x00000233b06f0380, 0x00000233b06f12b8]
Event: 5.276 Thread 0x00000233d5ef9810 nmethod 2343 0x00000233b7e81210 code [0x00000233b7e813c0, 0x00000233b7e815b8]
Event: 5.276 Thread 0x00000233d5ef9810 2365       4       java.lang.invoke.LambdaForm::uncustomize (57 bytes)
Event: 5.276 Thread 0x00000233d5ef9810 nmethod 2365 0x00000233b7e81790 code [0x00000233b7e81920, 0x00000233b7e819b8]
Event: 5.276 Thread 0x00000233d5ef9810 2366       4       java.lang.invoke.MethodType::makeImpl (109 bytes)

GC Heap History (10 events):
Event: 4.874 GC heap before
{Heap before GC invocations=0 (full 0):
 garbage-first heap   total 524288K, used 12288K [0x0000000602c00000, 0x0000000800000000)
  region size 4096K, 5 young (20480K), 0 survivors (0K)
 Metaspace       used 11882K, committed 12096K, reserved 1114112K
  class space    used 1298K, committed 1408K, reserved 1048576K
}
Event: 4.879 GC heap after
{Heap after GC invocations=1 (full 1):
 garbage-first heap   total 69632K, used 4698K [0x0000000602c00000, 0x0000000800000000)
  region size 4096K, 0 young (0K), 0 survivors (0K)
 Metaspace       used 11882K, committed 12096K, reserved 1114112K
  class space    used 1298K, committed 1408K, reserved 1048576K
}
Event: 4.880 GC heap before
{Heap before GC invocations=1 (full 1):
 garbage-first heap   total 69632K, used 4698K [0x0000000602c00000, 0x0000000800000000)
  region size 4096K, 0 young (0K), 0 survivors (0K)
 Metaspace       used 11882K, committed 12096K, reserved 1114112K
  class space    used 1298K, committed 1408K, reserved 1048576K
}
Event: 4.888 GC heap after
{Heap after GC invocations=2 (full 2):
 garbage-first heap   total 28672K, used 4698K [0x0000000602c00000, 0x0000000800000000)
  region size 4096K, 0 young (0K), 0 survivors (0K)
 Metaspace       used 11882K, committed 12096K, reserved 1114112K
  class space    used 1298K, committed 1408K, reserved 1048576K
}
Event: 4.930 GC heap before
{Heap before GC invocations=2 (full 2):
 garbage-first heap   total 28672K, used 8794K [0x0000000602c00000, 0x0000000800000000)
  region size 4096K, 1 young (4096K), 0 survivors (0K)
 Metaspace       used 12767K, committed 13056K, reserved 1114112K
  class space    used 1387K, committed 1536K, reserved 1048576K
}
Event: 4.930 GC heap after
{Heap after GC invocations=3 (full 2):
 garbage-first heap   total 28672K, used 5518K [0x0000000602c00000, 0x0000000800000000)
  region size 4096K, 1 young (4096K), 1 survivors (4096K)
 Metaspace       used 12767K, committed 13056K, reserved 1114112K
  class space    used 1387K, committed 1536K, reserved 1048576K
}
Event: 5.198 GC heap before
{Heap before GC invocations=3 (full 2):
 garbage-first heap   total 28672K, used 5518K [0x0000000602c00000, 0x0000000800000000)
  region size 4096K, 2 young (8192K), 1 survivors (4096K)
 Metaspace       used 14382K, committed 14592K, reserved 1114112K
  class space    used 1450K, committed 1536K, reserved 1048576K
}
Event: 5.199 GC heap after
{Heap after GC invocations=4 (full 2):
 garbage-first heap   total 28672K, used 5886K [0x0000000602c00000, 0x0000000800000000)
  region size 4096K, 1 young (4096K), 1 survivors (4096K)
 Metaspace       used 14382K, committed 14592K, reserved 1114112K
  class space    used 1450K, committed 1536K, reserved 1048576K
}
Event: 5.247 GC heap before
{Heap before GC invocations=4 (full 2):
 garbage-first heap   total 28672K, used 9982K [0x0000000602c00000, 0x0000000800000000)
  region size 4096K, 2 young (8192K), 1 survivors (4096K)
 Metaspace       used 16263K, committed 16448K, reserved 1114112K
  class space    used 1504K, committed 1600K, reserved 1048576K
}
Event: 5.248 GC heap after
{Heap after GC invocations=5 (full 2):
 garbage-first heap   total 28672K, used 5943K [0x0000000602c00000, 0x0000000800000000)
  region size 4096K, 1 young (4096K), 1 survivors (4096K)
 Metaspace       used 16263K, committed 16448K, reserved 1114112K
  class space    used 1504K, committed 1600K, reserved 1048576K
}

Dll operation events (12 events):
Event: 0.009 Loaded shared library C:\Users\Usuario\.jdks\corretto-19.0.2\bin\java.dll
Event: 0.016 Loaded shared library C:\Users\Usuario\.jdks\corretto-19.0.2\bin\jsvml.dll
Event: 0.147 Loaded shared library C:\Users\Usuario\.jdks\corretto-19.0.2\bin\net.dll
Event: 0.148 Loaded shared library C:\Users\Usuario\.jdks\corretto-19.0.2\bin\nio.dll
Event: 0.150 Loaded shared library C:\Users\Usuario\.jdks\corretto-19.0.2\bin\zip.dll
Event: 0.173 Loaded shared library C:\Users\Usuario\.jdks\corretto-19.0.2\bin\jimage.dll
Event: 0.227 Loaded shared library C:\Users\Usuario\.jdks\corretto-19.0.2\bin\awt.dll
Event: 0.416 Loaded shared library C:\Users\Usuario\.jdks\corretto-19.0.2\bin\prefs.dll
Event: 0.443 Loaded shared library C:\Users\Usuario\.jdks\corretto-19.0.2\bin\freetype.dll
Event: 0.443 Loaded shared library C:\Users\Usuario\.jdks\corretto-19.0.2\bin\fontmanager.dll
Event: 4.938 Loaded shared library C:\Users\Usuario\AppData\Local\Temp\lwjglDavidBO\3.2.3-build-13\lwjgl.dll
Event: 5.152 Loaded shared library C:\Users\Usuario\AppData\Local\Temp\lwjglDavidBO\3.2.3-build-13\lwjgl_opengl.dll

Deoptimization events (20 events):
Event: 5.147 Thread 0x00000233a8064b00 Uncommon trap: trap_request=0xffffffde fr.pc=0x00000233b7e64e70 relative=0x00000000000002b0
Event: 5.147 Thread 0x00000233a8064b00 Uncommon trap: reason=class_check action=maybe_recompile pc=0x00000233b7e64e70 method=java.util.regex.Pattern$BmpCharPropertyGreedy.match(Ljava/util/regex/Matcher;ILjava/lang/CharSequence;)Z @ 26 c2
Event: 5.147 Thread 0x00000233a8064b00 DEOPT PACKING pc=0x00000233b7e64e70 sp=0x000000899a0fec90
Event: 5.147 Thread 0x00000233a8064b00 DEOPT UNPACKING pc=0x00000233b76f6da3 sp=0x000000899a0fec58 mode 2
Event: 5.147 Thread 0x00000233a8064b00 Uncommon trap: trap_request=0xffffffde fr.pc=0x00000233b7e64e70 relative=0x00000000000002b0
Event: 5.147 Thread 0x00000233a8064b00 Uncommon trap: reason=class_check action=maybe_recompile pc=0x00000233b7e64e70 method=java.util.regex.Pattern$BmpCharPropertyGreedy.match(Ljava/util/regex/Matcher;ILjava/lang/CharSequence;)Z @ 26 c2
Event: 5.147 Thread 0x00000233a8064b00 DEOPT PACKING pc=0x00000233b7e64e70 sp=0x000000899a0fe950
Event: 5.147 Thread 0x00000233a8064b00 DEOPT UNPACKING pc=0x00000233b76f6da3 sp=0x000000899a0fe918 mode 2
Event: 5.147 Thread 0x00000233a8064b00 Uncommon trap: trap_request=0xffffffde fr.pc=0x00000233b7e64e70 relative=0x00000000000002b0
Event: 5.147 Thread 0x00000233a8064b00 Uncommon trap: reason=class_check action=maybe_recompile pc=0x00000233b7e64e70 method=java.util.regex.Pattern$BmpCharPropertyGreedy.match(Ljava/util/regex/Matcher;ILjava/lang/CharSequence;)Z @ 26 c2
Event: 5.147 Thread 0x00000233a8064b00 DEOPT PACKING pc=0x00000233b7e64e70 sp=0x000000899a0fe6b0
Event: 5.147 Thread 0x00000233a8064b00 DEOPT UNPACKING pc=0x00000233b76f6da3 sp=0x000000899a0fe678 mode 2
Event: 5.147 Thread 0x00000233a8064b00 Uncommon trap: trap_request=0xffffffde fr.pc=0x00000233b7e64e70 relative=0x00000000000002b0
Event: 5.147 Thread 0x00000233a8064b00 Uncommon trap: reason=class_check action=maybe_recompile pc=0x00000233b7e64e70 method=java.util.regex.Pattern$BmpCharPropertyGreedy.match(Ljava/util/regex/Matcher;ILjava/lang/CharSequence;)Z @ 26 c2
Event: 5.147 Thread 0x00000233a8064b00 DEOPT PACKING pc=0x00000233b7e64e70 sp=0x000000899a0fec90
Event: 5.147 Thread 0x00000233a8064b00 DEOPT UNPACKING pc=0x00000233b76f6da3 sp=0x000000899a0fec58 mode 2
Event: 5.168 Thread 0x00000233a8064b00 Uncommon trap: trap_request=0xffffff54 fr.pc=0x00000233b7e7628c relative=0x000000000000006c
Event: 5.168 Thread 0x00000233a8064b00 Uncommon trap: reason=speculate_null_assert action=make_not_entrant pc=0x00000233b7e7628c method=sun.misc.Unsafe.putLong(Ljava/lang/Object;JJ)V @ 7 c2
Event: 5.168 Thread 0x00000233a8064b00 DEOPT PACKING pc=0x00000233b7e7628c sp=0x000000899a0ff120
Event: 5.168 Thread 0x00000233a8064b00 DEOPT UNPACKING pc=0x00000233b76f6da3 sp=0x000000899a0ff0b8 mode 2

Classes loaded (20 events):
Event: 4.941 Loading class java/nio/file/FileSystemException done
Event: 4.941 Loading class java/nio/file/NoSuchFileException done
Event: 4.942 Loading class java/nio/DirectShortBufferU
Event: 4.942 Loading class java/nio/DirectShortBufferU done
Event: 4.942 Loading class java/nio/DirectCharBufferU
Event: 4.942 Loading class java/nio/DirectCharBufferU done
Event: 4.942 Loading class java/nio/DirectFloatBufferU
Event: 4.942 Loading class java/nio/DirectFloatBufferU done
Event: 4.942 Loading class java/nio/DirectDoubleBufferU
Event: 4.942 Loading class java/nio/DirectDoubleBufferU done
Event: 4.942 Loading class sun/misc/Unsafe
Event: 4.942 Loading class sun/misc/Unsafe done
Event: 4.944 Loading class java/nio/InvalidMarkException
Event: 4.944 Loading class java/nio/InvalidMarkException done
Event: 4.944 Loading class java/nio/BufferOverflowException
Event: 4.944 Loading class java/nio/BufferOverflowException done
Event: 4.944 Loading class java/nio/BufferUnderflowException
Event: 4.944 Loading class java/nio/BufferUnderflowException done
Event: 5.268 Loading class jdk/internal/reflect/MethodHandleLongFieldAccessorImpl
Event: 5.268 Loading class jdk/internal/reflect/MethodHandleLongFieldAccessorImpl done

Classes unloaded (0 events):
No events

Classes redefined (0 events):
No events

Internal exceptions (20 events):
Event: 4.925 Thread 0x00000233a8064b00 Exception <a 'java/lang/NoSuchMethodError'{0x00000006047b5348}: 'void java.lang.invoke.DirectMethodHandle$Holder.invokeStatic(java.lang.Object, java.lang.Object)'> (0x00000006047b5348) 
thrown [s\src\hotspot\share\interpreter\linkResolver.cpp, line 774]
Event: 4.925 Thread 0x00000233a8064b00 Exception <a 'java/lang/NoSuchMethodError'{0x00000006047ba1b0}: 'void java.lang.System.load(java.lang.String, java.lang.Class)'> (0x00000006047ba1b0) 
thrown [s\src\hotspot\share\interpreter\linkResolver.cpp, line 774]
Event: 4.926 Thread 0x00000233a8064b00 Exception <a 'java/lang/NoSuchMethodError'{0x00000006047c5340}: 'java.lang.Object java.lang.invoke.DirectMethodHandle$Holder.invokeStatic(java.lang.Object, java.lang.Object, int)'> (0x00000006047c5340) 
thrown [s\src\hotspot\share\interpreter\linkResolver.cpp, line 774]
Event: 4.927 Thread 0x00000233a8064b00 Exception <a 'java/lang/NoSuchMethodError'{0x00000006047d0688}: 'void java.lang.invoke.DelegatingMethodHandle$Holder.delegate(java.lang.Object, java.lang.Object, int, java.lang.Object)'> (0x00000006047d0688) 
thrown [s\src\hotspot\share\interpreter\linkResolver.cpp, line 774]
Event: 4.927 Thread 0x00000233a8064b00 Exception <a 'java/lang/NoSuchMethodError'{0x00000006047d47e8}: 'int java.lang.invoke.DirectMethodHandle$Holder.invokeSpecial(java.lang.Object, java.lang.Object, java.lang.Object)'> (0x00000006047d47e8) 
thrown [s\src\hotspot\share\interpreter\linkResolver.cpp, line 774]
Event: 4.928 Thread 0x00000233a8064b00 Exception <a 'java/lang/NoSuchMethodError'{0x00000006047ef158}: 'void java.lang.System.loadLibrary(java.lang.String, java.lang.Class)'> (0x00000006047ef158) 
thrown [s\src\hotspot\share\interpreter\linkResolver.cpp, line 774]
Event: 4.941 Thread 0x00000233a8064b00 Exception <a 'sun/nio/fs/WindowsException'{0x000000060441f600}> (0x000000060441f600) 
thrown [s\src\hotspot\share\prims\jni.cpp, line 517]
Event: 4.941 Thread 0x00000233a8064b00 Exception <a 'sun/nio/fs/WindowsException'{0x000000060441fdb0}> (0x000000060441fdb0) 
thrown [s\src\hotspot\share\prims\jni.cpp, line 517]
Event: 4.950 Thread 0x00000233a8064b00 Exception <a 'sun/nio/fs/WindowsException'{0x000000060449b310}> (0x000000060449b310) 
thrown [s\src\hotspot\share\prims\jni.cpp, line 517]
Event: 4.950 Thread 0x00000233a8064b00 Exception <a 'sun/nio/fs/WindowsException'{0x000000060449b6c8}> (0x000000060449b6c8) 
thrown [s\src\hotspot\share\prims\jni.cpp, line 517]
Event: 4.960 Thread 0x00000233a8064b00 Exception <a 'sun/nio/fs/WindowsException'{0x0000000604528bf8}> (0x0000000604528bf8) 
thrown [s\src\hotspot\share\prims\jni.cpp, line 517]
Event: 4.960 Thread 0x00000233a8064b00 Exception <a 'sun/nio/fs/WindowsException'{0x0000000604528f80}> (0x0000000604528f80) 
thrown [s\src\hotspot\share\prims\jni.cpp, line 517]
Event: 5.148 Thread 0x00000233a8064b00 Exception <a 'java/lang/NoSuchMethodError'{0x0000000604590370}: 'void java.lang.System.load(java.lang.String, java.lang.Class)'> (0x0000000604590370) 
thrown [s\src\hotspot\share\interpreter\linkResolver.cpp, line 774]
Event: 5.149 Thread 0x00000233a8064b00 Exception <a 'java/lang/NoSuchMethodError'{0x0000000604593d90}: 'void java.lang.System.loadLibrary(java.lang.String, java.lang.Class)'> (0x0000000604593d90) 
thrown [s\src\hotspot\share\interpreter\linkResolver.cpp, line 774]
Event: 5.151 Thread 0x00000233a8064b00 Exception <a 'sun/nio/fs/WindowsException'{0x00000006045a6870}> (0x00000006045a6870) 
thrown [s\src\hotspot\share\prims\jni.cpp, line 517]
Event: 5.151 Thread 0x00000233a8064b00 Exception <a 'sun/nio/fs/WindowsException'{0x00000006045a6c30}> (0x00000006045a6c30) 
thrown [s\src\hotspot\share\prims\jni.cpp, line 517]
Event: 5.153 Thread 0x00000233a8064b00 Exception <a 'sun/nio/fs/WindowsException'{0x00000006045b0f30}> (0x00000006045b0f30) 
thrown [s\src\hotspot\share\prims\jni.cpp, line 517]
Event: 5.153 Thread 0x00000233a8064b00 Exception <a 'sun/nio/fs/WindowsException'{0x00000006045b1478}> (0x00000006045b1478) 
thrown [s\src\hotspot\share\prims\jni.cpp, line 517]
Event: 5.268 Thread 0x00000233a8064b00 Exception <a 'java/lang/NoSuchMethodError'{0x00000006045a51f0}: 'long java.lang.invoke.DelegatingMethodHandle$Holder.reinvoke_L(java.lang.Object, java.lang.Object)'> (0x00000006045a51f0) 
thrown [s\src\hotspot\share\interpreter\linkResolver.cpp, line 774]
Event: 5.269 Thread 0x00000233a8064b00 Exception <a 'java/lang/NoSuchMethodError'{0x00000006045abd88}: 'long java.lang.invoke.Invokers$Holder.invokeExact_MT(java.lang.Object, java.lang.Object, java.lang.Object)'> (0x00000006045abd88) 
thrown [s\src\hotspot\share\interpreter\linkResolver.cpp, line 774]

VM Operations (20 events):
Event: 0.641 Executing VM operation: ICBufferFull
Event: 0.641 Executing VM operation: ICBufferFull done
Event: 2.641 Executing VM operation: Cleanup
Event: 2.641 Executing VM operation: Cleanup done
Event: 3.641 Executing VM operation: Cleanup
Event: 3.641 Executing VM operation: Cleanup done
Event: 4.642 Executing VM operation: Cleanup
Event: 4.644 Executing VM operation: Cleanup done
Event: 4.874 Executing VM operation: G1CollectFull
Event: 4.879 Executing VM operation: G1CollectFull done
Event: 4.879 Executing VM operation: G1CollectFull
Event: 4.888 Executing VM operation: G1CollectFull done
Event: 4.926 Executing VM operation: HandshakeAllThreads
Event: 4.926 Executing VM operation: HandshakeAllThreads done
Event: 4.929 Executing VM operation: G1CollectForAllocation
Event: 4.930 Executing VM operation: G1CollectForAllocation done
Event: 5.198 Executing VM operation: G1CollectForAllocation
Event: 5.199 Executing VM operation: G1CollectForAllocation done
Event: 5.247 Executing VM operation: G1CollectForAllocation
Event: 5.248 Executing VM operation: G1CollectForAllocation done

Events (20 events):
Event: 0.023 Thread 0x00000233d5ef9810 Thread added: 0x00000233d5ef9810
Event: 0.023 Thread 0x00000233d5f006a0 Thread added: 0x00000233d5f006a0
Event: 0.023 Thread 0x00000233d5f03020 Thread added: 0x00000233d5f03020
Event: 0.026 Thread 0x00000233d5fb34f0 Thread added: 0x00000233d5fb34f0
Event: 0.065 Thread 0x00000233d6087d50 Thread added: 0x00000233d6087d50
Event: 0.065 Thread 0x00000233d6088ce0 Thread added: 0x00000233d6088ce0
Event: 0.065 Thread 0x00000233d60a9840 Thread added: 0x00000233d60a9840
Event: 0.140 Thread 0x00000233d60abce0 Thread added: 0x00000233d60abce0
Event: 0.143 Thread 0x00000233d60c39c0 Thread added: 0x00000233d60c39c0
Event: 0.253 Thread 0x00000233da65e9a0 Thread added: 0x00000233da65e9a0
Event: 0.254 Thread 0x00000233da6717f0 Thread added: 0x00000233da6717f0
Event: 0.255 Thread 0x00000233da67f5b0 Thread added: 0x00000233da67f5b0
Event: 0.264 Thread 0x00000233da693e50 Thread added: 0x00000233da693e50
Event: 0.460 Thread 0x00000233e2e16850 Thread added: 0x00000233e2e16850
Event: 0.504 Thread 0x00000233e2ba9040 Thread added: 0x00000233e2ba9040
Event: 0.593 Thread 0x00000233e31bb8e0 Thread added: 0x00000233e31bb8e0
Event: 0.602 Thread 0x00000233e306ac80 Thread added: 0x00000233e306ac80
Event: 0.741 Thread 0x00000233e2ba9040 Thread exited: 0x00000233e2ba9040
Event: 5.271 Thread 0x00000233e3d30f40 Thread added: 0x00000233e3d30f40
Event: 5.272 Thread 0x00000233e3d2ede0 Thread added: 0x00000233e3d2ede0


Dynamic libraries:
0x00007ff655490000 - 0x00007ff65549d000 	C:\Users\Usuario\.jdks\corretto-19.0.2\bin\java.exe
0x00007ffe0f630000 - 0x00007ffe0f847000 	C:\WINDOWS\SYSTEM32\ntdll.dll
0x00007ffe0d700000 - 0x00007ffe0d7c4000 	C:\WINDOWS\System32\KERNEL32.DLL
0x00007ffe0cca0000 - 0x00007ffe0d04d000 	C:\WINDOWS\System32\KERNELBASE.dll
0x00007ffe0cae0000 - 0x00007ffe0cbf1000 	C:\WINDOWS\System32\ucrtbase.dll
0x00007ffe05270000 - 0x00007ffe05285000 	C:\Users\Usuario\.jdks\corretto-19.0.2\bin\VCRUNTIME140.dll
0x00007ffdfa140000 - 0x00007ffdfa157000 	C:\Users\Usuario\.jdks\corretto-19.0.2\bin\jli.dll
0x00007ffe0d7f0000 - 0x00007ffe0d99e000 	C:\WINDOWS\System32\USER32.dll
0x00007ffe0cab0000 - 0x00007ffe0cad6000 	C:\WINDOWS\System32\win32u.dll
0x00007ffe0def0000 - 0x00007ffe0df19000 	C:\WINDOWS\System32\GDI32.dll
0x00007ffdf9cb0000 - 0x00007ffdf9f43000 	C:\WINDOWS\WinSxS\amd64_microsoft.windows.common-controls_6595b64144ccf1df_6.0.22621.3672_none_2713b9d173822955\COMCTL32.dll
0x00007ffe0d1c0000 - 0x00007ffe0d2d9000 	C:\WINDOWS\System32\gdi32full.dll
0x00007ffe0e090000 - 0x00007ffe0e137000 	C:\WINDOWS\System32\msvcrt.dll
0x00007ffe0c950000 - 0x00007ffe0c9ea000 	C:\WINDOWS\System32\msvcp_win.dll
0x00007ffe0d630000 - 0x00007ffe0d661000 	C:\WINDOWS\System32\IMM32.DLL
0x00007ffdaa4a0000 - 0x00007ffdaa53b000 	C:\Users\Usuario\.jdks\corretto-19.0.2\bin\msvcp140.dll
0x00007ffd8bb20000 - 0x00007ffd8c7f9000 	C:\Users\Usuario\.jdks\corretto-19.0.2\bin\server\jvm.dll
0x00007ffe0d490000 - 0x00007ffe0d542000 	C:\WINDOWS\System32\ADVAPI32.dll
0x00007ffe0dfd0000 - 0x00007ffe0e079000 	C:\WINDOWS\System32\sechost.dll
0x00007ffe0cc00000 - 0x00007ffe0cc28000 	C:\WINDOWS\System32\bcrypt.dll
0x00007ffe0d360000 - 0x00007ffe0d474000 	C:\WINDOWS\System32\RPCRT4.dll
0x00007ffde7610000 - 0x00007ffde7619000 	C:\WINDOWS\SYSTEM32\WSOCK32.dll
0x00007ffe0db50000 - 0x00007ffe0dbc1000 	C:\WINDOWS\System32\WS2_32.dll
0x00007ffe06540000 - 0x00007ffe0654a000 	C:\WINDOWS\SYSTEM32\VERSION.dll
0x00007ffe04770000 - 0x00007ffe047a4000 	C:\WINDOWS\SYSTEM32\WINMM.dll
0x00007ffe0b9b0000 - 0x00007ffe0b9c8000 	C:\WINDOWS\SYSTEM32\kernel.appcore.dll
0x00007ffe052b0000 - 0x00007ffe052ba000 	C:\Users\Usuario\.jdks\corretto-19.0.2\bin\jimage.dll
0x00007ffdf57d0000 - 0x00007ffdf5a02000 	C:\WINDOWS\SYSTEM32\DBGHELP.DLL
0x00007ffe0f0d0000 - 0x00007ffe0f45d000 	C:\WINDOWS\System32\combase.dll
0x00007ffe0d550000 - 0x00007ffe0d627000 	C:\WINDOWS\System32\OLEAUT32.dll
0x00007ffdd1940000 - 0x00007ffdd1972000 	C:\WINDOWS\SYSTEM32\dbgcore.DLL
0x00007ffe0d2e0000 - 0x00007ffe0d35b000 	C:\WINDOWS\System32\bcryptPrimitives.dll
0x00007ffde2630000 - 0x00007ffde266b000 	C:\Users\Usuario\.jdks\corretto-19.0.2\bin\jdwp.dll
0x00007ffde2670000 - 0x00007ffde2696000 	C:\Users\Usuario\.jdks\corretto-19.0.2\bin\java.dll
0x00007ffdaa120000 - 0x00007ffdaa1f6000 	C:\Users\Usuario\.jdks\corretto-19.0.2\bin\jsvml.dll
0x00007ffe0e1a0000 - 0x00007ffe0ea07000 	C:\WINDOWS\System32\SHELL32.dll
0x00007ffe0a850000 - 0x00007ffe0b14e000 	C:\WINDOWS\SYSTEM32\windows.storage.dll
0x00007ffe0a710000 - 0x00007ffe0a84f000 	C:\WINDOWS\SYSTEM32\wintypes.dll
0x00007ffe0efa0000 - 0x00007ffe0f099000 	C:\WINDOWS\System32\SHCORE.dll
0x00007ffe0e140000 - 0x00007ffe0e19e000 	C:\WINDOWS\System32\shlwapi.dll
0x00007ffe0c880000 - 0x00007ffe0c8a1000 	C:\WINDOWS\SYSTEM32\profapi.dll
0x00007ffe08330000 - 0x00007ffe0833c000 	C:\Users\Usuario\.jdks\corretto-19.0.2\bin\dt_socket.dll
0x00007ffe0b3f0000 - 0x00007ffe0b41d000 	C:\WINDOWS\SYSTEM32\IPHLPAPI.DLL
0x00007ffe0be90000 - 0x00007ffe0bef9000 	C:\WINDOWS\system32\mswsock.dll
0x00007ffdf98d0000 - 0x00007ffdf98e3000 	C:\Users\Usuario\.jdks\corretto-19.0.2\bin\net.dll
0x00007ffe08150000 - 0x00007ffe08286000 	C:\WINDOWS\SYSTEM32\WINHTTP.dll
0x00007ffde50a0000 - 0x00007ffde50b5000 	C:\Users\Usuario\.jdks\corretto-19.0.2\bin\nio.dll
0x00007ffdd6990000 - 0x00007ffdd69a8000 	C:\Users\Usuario\.jdks\corretto-19.0.2\bin\zip.dll
0x00007ffdaa2f0000 - 0x00007ffdaa499000 	C:\Users\Usuario\.jdks\corretto-19.0.2\bin\awt.dll
0x00007ffe08290000 - 0x00007ffe08327000 	C:\WINDOWS\SYSTEM32\apphelp.dll
0x00007ffe09e20000 - 0x00007ffe09ed0000 	C:\WINDOWS\system32\uxtheme.dll
0x00007ffe0dbd0000 - 0x00007ffe0dd2b000 	C:\WINDOWS\System32\MSCTF.dll
0x00007ffe0d9a0000 - 0x00007ffe0db45000 	C:\WINDOWS\System32\ole32.dll
0x00007ffe0a1b0000 - 0x00007ffe0a1db000 	C:\WINDOWS\system32\DWMAPI.DLL
0x00007ffd8a1d0000 - 0x00007ffd8a2d0000 	C:\WINDOWS\system32\opengl32.dll
0x00007ffd8a1a0000 - 0x00007ffd8a1cd000 	C:\WINDOWS\SYSTEM32\GLU32.dll
0x00007ffe09f60000 - 0x00007ffe09f97000 	C:\WINDOWS\SYSTEM32\dxcore.dll
0x00007ffde7660000 - 0x00007ffde7808000 	C:\WINDOWS\system32\d3d9.dll
0x00007ffdfe020000 - 0x00007ffdfe0e1000 	C:\WINDOWS\System32\DriverStore\FileRepository\nvmdi.inf_amd64_7b5ca18eebabd2c0\nvldumdx.dll
0x00007ffe0c5e0000 - 0x00007ffe0c5f2000 	C:\WINDOWS\SYSTEM32\msasn1.dll
0x00007ffdfeaa0000 - 0x00007ffdfead2000 	C:\WINDOWS\SYSTEM32\cryptnet.dll
0x00007ffe0d050000 - 0x00007ffe0d1b7000 	C:\WINDOWS\System32\CRYPT32.dll
0x00007ffe0c090000 - 0x00007ffe0c09c000 	C:\WINDOWS\SYSTEM32\cryptbase.dll
0x00007ffe0c1f0000 - 0x00007ffe0c239000 	C:\WINDOWS\SYSTEM32\wldp.dll
0x00007ffdfe300000 - 0x00007ffdfe462000 	C:\WINDOWS\SYSTEM32\drvstore.dll
0x00007ffe0c600000 - 0x00007ffe0c62c000 	C:\WINDOWS\SYSTEM32\devobj.dll
0x00007ffe0c630000 - 0x00007ffe0c67e000 	C:\WINDOWS\SYSTEM32\cfgmgr32.dll
0x00007ffe0cc30000 - 0x00007ffe0cc9b000 	C:\WINDOWS\System32\wintrust.dll
0x00007ffe0d7d0000 - 0x00007ffe0d7ef000 	C:\WINDOWS\System32\imagehlp.dll
0x00007ffe0c130000 - 0x00007ffe0c14b000 	C:\WINDOWS\SYSTEM32\CRYPTSP.dll
0x00007ffe0b910000 - 0x00007ffe0b945000 	C:\WINDOWS\system32\rsaenh.dll
0x00007ffdfbf40000 - 0x00007ffdfdf2e000 	C:\WINDOWS\System32\DriverStore\FileRepository\nvmdi.inf_amd64_7b5ca18eebabd2c0\nvgpucomp64.dll
0x00007ffd86080000 - 0x00007ffd87b14000 	C:\WINDOWS\System32\DriverStore\FileRepository\nvmdi.inf_amd64_7b5ca18eebabd2c0\nvd3dumx.dll
0x00007ffe040d0000 - 0x00007ffe04119000 	C:\WINDOWS\SYSTEM32\directxdatabasehelper.dll
0x00007ffda0d20000 - 0x00007ffda0ff0000 	C:\WINDOWS\system32\nvspcap64.dll
0x00007ffe0b9d0000 - 0x00007ffe0ba04000 	C:\WINDOWS\SYSTEM32\ntmarta.dll
0x00007ffe0bf00000 - 0x00007ffe0bf26000 	C:\WINDOWS\SYSTEM32\gpapi.dll
0x00007ffdb90e0000 - 0x00007ffdb9235000 	C:\WINDOWS\System32\DriverStore\FileRepository\nvmdi.inf_amd64_7b5ca18eebabd2c0\nvppex.dll
0x00007ffe08350000 - 0x00007ffe08359000 	C:\Users\Usuario\.jdks\corretto-19.0.2\bin\prefs.dll
0x00007ffe052e0000 - 0x00007ffe05363000 	C:\Users\Usuario\.jdks\corretto-19.0.2\bin\freetype.dll
0x00007ffdaa220000 - 0x00007ffdaa2e3000 	C:\Users\Usuario\.jdks\corretto-19.0.2\bin\fontmanager.dll
0x00007ffde9580000 - 0x00007ffde96ce000 	C:\WINDOWS\SYSTEM32\textinputframework.dll
0x00007ffe07900000 - 0x00007ffe07a33000 	C:\WINDOWS\SYSTEM32\CoreMessaging.dll
0x00007ffe032a0000 - 0x00007ffe0360d000 	C:\WINDOWS\SYSTEM32\CoreUIComponents.dll
0x00007ffdd53e0000 - 0x00007ffdd5444000 	C:\Users\Usuario\AppData\Local\Temp\lwjglDavidBO\3.2.3-build-13\lwjgl.dll
0x00007ffda9ec0000 - 0x00007ffdaa113000 	C:\Users\Usuario\AppData\Local\Temp\lwjglDavidBO\3.2.3-build-13\jemalloc.dll
0x00007ffdcabf0000 - 0x00007ffdcac52000 	C:\Users\Usuario\AppData\Local\Temp\lwjglDavidBO\3.2.3-build-13\glfw.dll
0x00007ffdcaae0000 - 0x00007ffdcab26000 	C:\WINDOWS\SYSTEM32\dinput8.dll
0x00007ffde80a0000 - 0x00007ffde80b1000 	C:\WINDOWS\SYSTEM32\xinput1_4.dll
0x00007ffded940000 - 0x00007ffdedb4e000 	C:\WINDOWS\SYSTEM32\inputhost.dll
0x00007ffe0b150000 - 0x00007ffe0b15e000 	C:\WINDOWS\SYSTEM32\HID.DLL
0x00007ffe0ea10000 - 0x00007ffe0ee84000 	C:\WINDOWS\System32\SETUPAPI.DLL
0x00007ffe0ee90000 - 0x00007ffe0ef40000 	C:\WINDOWS\System32\clbcatq.dll
0x00007ffe05820000 - 0x00007ffe05962000 	C:\Windows\System32\AppXDeploymentClient.dll
0x00007ffda6890000 - 0x00007ffda8e78000 	C:\WINDOWS\System32\DriverStore\FileRepository\nvmdi.inf_amd64_7b5ca18eebabd2c0\nvoglv64.dll
0x00007ffe0b700000 - 0x00007ffe0b714000 	C:\WINDOWS\SYSTEM32\WTSAPI32.dll
0x00007ffe0bb30000 - 0x00007ffe0bb7d000 	C:\WINDOWS\SYSTEM32\powrprof.dll
0x00007ffe0bb10000 - 0x00007ffe0bb23000 	C:\WINDOWS\SYSTEM32\UMPDC.dll
0x00007ffe0b7a0000 - 0x00007ffe0b806000 	C:\WINDOWS\SYSTEM32\WINSTA.dll
0x00007ffdca4c0000 - 0x00007ffdca519000 	C:\Users\Usuario\AppData\Local\Temp\lwjglDavidBO\3.2.3-build-13\lwjgl_opengl.dll

dbghelp: loaded successfully - version: 4.0.5 - missing functions: none
symbol engine: initialized successfully - sym options: 0x614 - pdb path: .;C:\Users\Usuario\.jdks\corretto-19.0.2\bin;C:\WINDOWS\SYSTEM32;C:\WINDOWS\WinSxS\amd64_microsoft.windows.common-controls_6595b64144ccf1df_6.0.22621.3672_none_2713b9d173822955;C:\Users\Usuario\.jdks\corretto-19.0.2\bin\server;C:\WINDOWS\System32\DriverStore\FileRepository\nvmdi.inf_amd64_7b5ca18eebabd2c0;C:\Users\Usuario\AppData\Local\Temp\lwjglDavidBO\3.2.3-build-13

VM Arguments:
jvm_args: -agentlib:jdwp=transport=dt_socket,server=n,suspend=y,address=127.0.0.1:53464 -Dfile.encoding=UTF-8 -Duser.country=ES -Duser.language=es -Duser.variant 
java_command: fdg.game.Assets
java_class_path (initial): C:\Users\Usuario\Desktop\F3DG\game\build\classes\java\main;C:\Users\Usuario\Desktop\F3DG\game\build\resources\main;C:\Users\Usuario\.gradle\caches\modules-2\files-2.1\org.jmonkeyengine\jme3-effects\3.4.0-stable\198aa1c01f2ec30620b7498f081b76048e02fc06\jme3-effects-3.4.0-stable.jar;C:\Users\Usuario\.gradle\caches\modules-2\files-2.1\org.jmonkeyengine\jme3-jbullet\3.4.0-stable\ff535416c9a727b6b691a5dcf3ffb8ab8e39a7e3\jme3-jbullet-3.4.0-stable.jar;C:\Users\Usuario\.gradle\caches\modules-2\files-2.1\org.jmonkeyengine\jme3-terrain\3.4.0-stable\da702ca8dd016cfa63e63676953a8a2885d3370d\jme3-terrain-3.4.0-stable.jar;C:\Users\Usuario\.gradle\caches\modules-2\files-2.1\com.simsilica\lemur-proto\1.13.0\9163fc6865f204de84baac90b57820df86d5fe95\lemur-proto-1.13.0.jar;C:\Users\Usuario\.gradle\caches\modules-2\files-2.1\com.simsilica\lemur\1.16.0\8e4af305c8c00dde11db8d76be8debd5ee751c09\lemur-1.16.0.jar;C:\Users\Usuario\.gradle\caches\modules-2\files-2.1\org.jmonkeyengine\jme3-lwjgl3\3.3.2-stable\52fbd0b36b12113a8ecb0f2d05ba6134bd7852ed\jme3-lwjgl3-3.3.2-stable.jar;C:\Users\Usuario\.gradle\caches\modules-2\files-2.1\org.jmonkeyengine\jme3-desktop\3.3.2-stable\218560c7454055ce47d3b37e99af1490f22a9275\jme3-desktop-3.3.2-stable.jar;C:\Users\Usuario\.gradle\caches\modules-2\files-2.1\org.jmonkeyengine\jme3-jogg\3.4.0-stable\df2f436b701fb22b511fd5b2546f4c5d68c9bfba\jme3-jogg-3.4.0-stable.jar;C:\Users\Usuario\.gradle\caches\modules-2\files-2.1\org.jmonkeyengine\jme3-plugins\3.4.0-stable\cacca33f65c2f68b638c5000eafedaca871a8764\jme3-plugins-3.4.0-stable.jar;C:\Users\Usuario\.gradle\caches\modules-2\files-2.1\org.jmonkeyengine\jme3-core\3.4.0-stable\b9ba72eb70d09a73c726e17e172652981ae7f9ed\jme3-core-3.4.0-stable.jar;C:\Users\Usuario\.gradle\caches\modules-2\files-2.1\com.github.stephengold\jbullet\1.0.1\2f7002ecca5bdb952ce531238fa97e4e37ea422b\jbullet-1.0.1.jar;C:\Users\Usuario\.gradle\caches\modules-2\files-2.1\javax.vecmath\vecmath\1.5.2\fd17bc3e67f909573dfc039d8e2abecf407c4e27\vecmath-1.5.2.jar;C:\Users\Usuario\.gradle\caches\modules-2\files-2.1\com.google.guava\guava\19.0\6ce200f6b23222af3d8abb6b6459e6c44f4bb0e9\guava-19.0.jar;C:\Users\Usuario\.gradle\caches\modules-2\files-2.1\org.slf4j\slf4j-api\1.7.32\cdcff33940d9f2de763bc41ea05a0be5941176c3\slf4j-api-1.7.32.jar;C:\Users\Usuario\.gradle\caches\modules-2\files-2.1\org.lwjgl\lwjgl-glfw\3.2.3\5e520d5c290c8b012545a8d34fa5db5ab051ea53\lwjgl-glfw-3.2.3.jar;C:\Users\Usuario\.gradle\caches\modules-2\files-2.1\org.lwjgl\lwjgl-glfw\3.2.3\b4d8a3477cdc2edcf7a5f1e822926be846223f54\lwjgl-glfw-3.2.3-natives-windows.jar;C:\Users\Usuario\.gradle\caches\modules-2\files-2.1\org.lwjgl\lwjgl-glfw\3.2.3\62b044d9b0a057444bef2ab70b9afc288ec09dba\lwjgl-glfw-3.2.3-natives-linux.jar;C:\Users\Usuario\.gradle\caches\modules-2\files-2.1\org.lwjgl\lwjgl-glfw\3.2.3\58661272eacb9116336c88b4aadccf1f17c09b\lwjgl-glfw-3.2.3-natives-macos.jar;C:\Users\Usuario\.gradle\caches\modules-2\files-2.1\org.lwjgl\lwjgl-jemalloc\3.2.3\b6fd0932171ba3f2eaa4547beddca3a3e645342d\lwjgl-jemalloc-3.2.3.jar;C:\Users\Usuario\.gradle\caches\modules-2\files-2.1\org.lwjgl\lwjgl-jemalloc\3.2.3\3423fd0d4c7c1916c8f46b2075c4c2df02f22675\lwjgl-jemalloc-3.2.3-natives-windows.jar;C:\Users\Usuario\.gradle\caches\modules-2\files-2.1\org.lwjgl\lwjgl-jemalloc\3.2.3\8d2dca364c11781de596fbcdee6782752e318cfb\lwjgl-jemalloc-3.2.3-natives-linux.jar;C:\Users\Usuario\.gradle\caches\modules-2\files-2.1\org.lwjgl\lwjgl-jemalloc\3.2.3\d6ffcb4224d3ccd3c31bd80093f71e69a7133a6a\lwjgl-jemalloc-3.2.3-natives-macos.jar;C:\Users\Usuario\.gradle\caches\modules-2\files-2.1\org.lwjgl\lwjgl-openal\3.2.3\106742e805803ab9eab8e343f0fb31a3d263903c\lwjgl-openal-3.2.3.jar;C:\Users\Usuario\.gradle\caches\modules-2\files-2.1\org.lwjgl\lwjgl-openal\3.2.3\ec898e8ce11b5886f4f532a1536283ef2817758d\lwjgl-openal-3.2.3-natives-windows.jar;C:\Users\Usuario\.gradle\caches\modules-2\files-2.1\org.lwjgl\lwjgl-openal\3.2.3\869ddd9dbbf92a7d1be7f5942ca0adbde068d999\lwjgl-openal-3.2.3-natives-linux.jar;C:\Users\Usuario\.gradle\caches\modules-2\files-2.1\org.lwjgl\lwjgl-openal\3.2.3\67ddd2a090589dfe6c4659d7f8b125b43f7b822b\lwjgl-openal-3.2.3-natives-macos.jar;C:\Users\Usuario\.gradle\caches\modules-2\files-2.1\org.lwjgl\lwjgl-opencl\3.2.3\3061cd1e012ede64c606f64a5a3cf956dad7dc07\lwjgl-opencl-3.2.3.jar;C:\Users\Usuario\.gradle\caches\modules-2\files-2.1\org.lwjgl\lwjgl-opengl\3.2.3\bdd534a323d0c8f54969b95e424b6ac8984f7d6e\lwjgl-opengl-3.2.3.jar;C:\Users\Usuario\.gradle\caches\modules-2\files-2.1\org.lwjgl\lwjgl-opengl\3.2.3\e81cfc73ec8708e5e791ed770e4ec3edfc1bbab1\lwjgl-opengl-3.2.3-natives-windows.jar;C:\Users\Usuario\.gradle\caches\modules-2\files-2.1\org.lwjgl\lwjgl-opengl\3.2.3\7f14db5da9aa7951efe88993f519d7d38ad6e46b\lwjgl-opengl-3.2.3-natives-linux.jar;C:\Users\Usuario\.gradle\caches\modules-2\files-2.1\org.lwjgl\lwjgl-opengl\3.2.3\efa3326c11336d3e74c9c8aeceb2420328d28e6b\lwjgl-opengl-3.2.3-natives-macos.jar;C:\Users\Usuario\.gradle\caches\modules-2\files-2.1\org.lwjgl\lwjgl\3.2.3\17a59ba0fe8d474ec9dbe0d5db40d2cfe59c4c08\lwjgl-3.2.3.jar;C:\Users\Usuario\.gradle\caches\modules-2\files-2.1\org.lwjgl\lwjgl\3.2.3\27f32cd35349684745951e04388e8e00d681cdcd\lwjgl-3.2.3-natives-windows.jar;C:\Users\Usuario\.gradle\caches\modules-2\files-2.1\org.lwjgl\lwjgl\3.2.3\3d9d36c93446c7a1c90bc7aec8fa89c7988bf82b\lwjgl-3.2.3-natives-linux.jar;C:\Users\Usuario\.gradle\caches\modules-2\files-2.1\org.lwjgl\lwjgl\3.2.3\35f506c5d368017a3cc5590da3d6d3a0760fb606\lwjgl-3.2.3-natives-macos.jar;C:\Users\Usuario\.gradle\caches\modules-2\files-2.1\com.github.stephengold\j-ogg-all\1.0.1\4d18481dac93263b43cfd8643f67cafc8f2d87e3\j-ogg-all-1.0.1.jar;C:\Users\Usuario\.gradle\caches\modules-2\files-2.1\com.google.code.gson\gson\2.8.1\2a8e0aa38a2e21cb39e2f5a7d6704cbdc941da0\gson-2.8.1.jar;C:\Users\Usuario\.gradle\caches\modules-2\files-2.1\com.github.stephengold\stack-alloc\1.0.1\89955a24c6516e89cd48f43bd927aff198f3665c\stack-alloc-1.0.1.jar;C:\Users\Usuario\.gradle\caches\modules-2\files-2.1\javax.media\jmf\2.1.1e\fe9287a362578bfb8b7b9dba42af0ec80a297abb\jmf-2.1.1e.jar;C:\Users\Usuario\.gradle\caches\modules-2\files-2.1\com.github.stephengold\asm-all\3.1.1\3b44e19c9f614cfa167cf3786b63e87140e0f1a7\asm-all-3.1.1.jar;C:\Users\Usuario\.gradle\caches\modules-2\files-2.1\org.apache.ant\ant\1.10.10\d0c661dc6b0b0f9cb951ad210cbd7c304b15c819\ant-1.10.10.jar;C:\Users\Usuario\.gradle\caches\modules-2\files-2.1\org.apache.ant\ant-launcher\1.10.10\6a154d7a7a796a3e58cb34a1689a296b247020f\ant-launcher-1.10.10.jar
Launcher Type: SUN_STANDARD

[Global flags]
     intx CICompilerCount                          = 12                                        {product} {ergonomic}
     uint ConcGCThreads                            = 4                                         {product} {ergonomic}
     uint G1ConcRefinementThreads                  = 15                                        {product} {ergonomic}
   size_t G1HeapRegionSize                         = 4194304                                   {product} {ergonomic}
    uintx GCDrainStackTargetSize                   = 64                                        {product} {ergonomic}
   size_t InitialHeapSize                          = 536870912                                 {product} {ergonomic}
   size_t MarkStackSize                            = 4194304                                   {product} {ergonomic}
   size_t MaxHeapSize                              = 8543797248                                {product} {ergonomic}
   size_t MaxNewSize                               = 5125439488                                {product} {ergonomic}
   size_t MinHeapDeltaBytes                        = 4194304                                   {product} {ergonomic}
   size_t MinHeapSize                              = 8388608                                   {product} {ergonomic}
    uintx NonNMethodCodeHeapSize                   = 7602480                                {pd product} {ergonomic}
    uintx NonProfiledCodeHeapSize                  = 122027880                              {pd product} {ergonomic}
    uintx ProfiledCodeHeapSize                     = 122027880                              {pd product} {ergonomic}
    uintx ReservedCodeCacheSize                    = 251658240                              {pd product} {ergonomic}
     bool SegmentedCodeCache                       = true                                      {product} {ergonomic}
   size_t SoftMaxHeapSize                          = 8543797248                             {manageable} {ergonomic}
     bool UseCompressedClassPointers               = true                           {product lp64_product} {ergonomic}
     bool UseCompressedOops                        = true                           {product lp64_product} {ergonomic}
     bool UseG1GC                                  = true                                      {product} {ergonomic}
     bool UseLargePagesIndividualAllocation        = false                                  {pd product} {ergonomic}

Logging:
Log output configuration:
 #0: stdout all=warning uptime,level,tags foldmultilines=false
 #1: stderr all=off uptime,level,tags foldmultilines=false

Environment Variables:
PATH=C:\Program Files\Vim\vim91\\GvimExt64;C:\Program Files\Eclipse Adoptium\jdk-21.0.1.12-hotspot\bin;C:\Program Files\Common Files\Oracle\Java\javapath;C:\Windows\system32;C:\Windows;C:\Windows\System32\Wbem;C:\Windows\System32\WindowsPowerShell\v1.0\;C:\Windows\System32\OpenSSH\;C:\Program Files (x86)\NVIDIA Corporation\PhysX\Common;C:\Program Files\NVIDIA Corporation\NVIDIA NvDLISR;C:\WINDOWS\system32;C:\WINDOWS;C:\WINDOWS\System32\Wbem;C:\WINDOWS\System32\WindowsPowerShell\v1.0\;C:\WINDOWS\System32\OpenSSH\;C:\WINDOWS\system32;C:\WINDOWS;C:\WINDOWS\System32\Wbem;C:\WINDOWS\System32\WindowsPowerShell\v1.0\;C:\WINDOWS\System32\OpenSSH\;C:\Program Files\dotnet\;C:\Program Files\Git\cmd;C:\Program Files (x86)\BaseX\bin;C:\cygwin64\bin;C:\Program Files\Microsoft SQL Server\150\Tools\Binn\;C:\Program Files\Microsoft SQL Server\Client SDK\ODBC\170\Tools\Binn\;C:\Program Files (x86)\Windows Kits\10\Windows Performance Toolkit\;C:\Users\Usuario\AppData\Local\Programs\Python\Launcher\;C:\Users\Usuario\AppData\Local\Microsoft\WindowsApps;;C:\Users\Usuario\AppData\Local\Programs\Microsoft VS Code\bin;C:\Users\Usuario\AppData\Local\Microsoft\WinGet\Packages\GodotEngine.GodotEngine_Microsoft.Winget.Source_8wekyb3d8bbwe;;C:\Program Files\JetBrains\PyCharm Community Edition 2024.1.1\bin;
USERNAME=DavidBO
OS=Windows_NT
PROCESSOR_IDENTIFIER=Intel64 Family 6 Model 151 Stepping 2, GenuineIntel
TMP=C:\Users\Usuario\AppData\Local\Temp
TEMP=C:\Users\Usuario\AppData\Local\Temp



---------------  S Y S T E M  ---------------

OS:
 Windows 11 , 64 bit Build 22621 (10.0.22621.3958)
OS uptime: 0 days 2:24 hours
Hyper-V role detected

CPU: total 20 (initial active 20) (10 cores per cpu, 2 threads per core) family 6 model 151 stepping 2 microcode 0x2c, cx8, cmov, fxsr, ht, mmx, 3dnowpref, sse, sse2, sse3, ssse3, sse4.1, sse4.2, popcnt, lzcnt, tsc, tscinvbit, avx, avx2, aes, erms, clmul, bmi1, bmi2, adx, sha, fma, vzeroupper, clflush, clflushopt, clwb, hv, serialize, rdtscp, rdpid, fsrm

Memory: 4k page, system-wide physical 32581M (21002M free)
TotalPageFile size 37445M (AvailPageFile size 23662M)
current process WorkingSet (physical memory assigned to process): 167M, peak: 167M
current process commit charge ("private bytes"): 290M, peak: 716M

vm_info: OpenJDK 64-Bit Server VM (19.0.2+7-FR) for windows-amd64 JRE (19.0.2+7-FR), built on Jan 13 2023 22:53:32 by "Administrator" with MS VC++ 15.9 (VS2017)

END.
